[debug] [2025-01-28T05:43:29.381Z] ----------------------------------------------------------------------
[debug] [2025-01-28T05:43:29.384Z] Command:       D:\chand\nodejs\node.exe C:\Users\chand\AppData\Roaming\npm\node_modules\firebase-tools\lib\bin\firebase.js init
[debug] [2025-01-28T05:43:29.384Z] CLI Version:   13.29.2
[debug] [2025-01-28T05:43:29.385Z] Platform:      win32
[debug] [2025-01-28T05:43:29.385Z] Node Version:  v23.5.0
[debug] [2025-01-28T05:43:29.385Z] Time:          Tue Jan 28 2025 11:13:29 GMT+0530 (India Standard Time)
[debug] [2025-01-28T05:43:29.385Z] ----------------------------------------------------------------------
[debug] 
[debug] [2025-01-28T05:43:29.394Z] > command requires scopes: ["email","openid","https://www.googleapis.com/auth/cloudplatformprojects.readonly","https://www.googleapis.com/auth/firebase","https://www.googleapis.com/auth/cloud-platform"]
[debug] [2025-01-28T05:43:29.394Z] > authorizing via signed-in user (chandni00000078@gmail.com)
[info] 
     ######## #### ########  ######## ########     ###     ######  ########
     ##        ##  ##     ## ##       ##     ##  ##   ##  ##       ##
     ######    ##  ########  ######   ########  #########  ######  ######
     ##        ##  ##    ##  ##       ##     ## ##     ##       ## ##
     ##       #### ##     ## ######## ########  ##     ##  ######  ########

You're about to initialize a Firebase project in this directory:

  D:\Koyya-Internship\wiz-free

[info] 
=== Project Setup
[info] 
[info] First, let's associate this project directory with a Firebase project.
[info] You can create multiple project aliases by running firebase use --add, 
[info] but for now we'll just set up a default project.
[info] 
[debug] [2025-01-28T05:45:30.588Z] Checked if tokens are valid: true, expires at: 1738046588156
[debug] [2025-01-28T05:45:30.588Z] Checked if tokens are valid: true, expires at: 1738046588156
[debug] [2025-01-28T05:45:30.590Z] >>> [apiv2][query] GET https://firebase.googleapis.com/v1beta1/projects pageSize=100
[debug] [2025-01-28T05:45:33.142Z] <<< [apiv2][status] GET https://firebase.googleapis.com/v1beta1/projects 200
[debug] [2025-01-28T05:45:33.143Z] <<< [apiv2][body] GET https://firebase.googleapis.com/v1beta1/projects [omitted]
[info] i  Using project glarimy-wiz (glarimy-wiz) 
[info] 
=== Apphosting Setup
[debug] [2025-01-28T05:45:35.470Z] Checked if tokens are valid: true, expires at: 1738046588156
[debug] [2025-01-28T05:45:35.471Z] Checked if tokens are valid: true, expires at: 1738046588156
[debug] [2025-01-28T05:45:35.471Z] >>> [apiv2][query] GET https://cloudbilling.googleapis.com/v1/projects/glarimy-wiz/billingInfo [none]
[debug] [2025-01-28T05:45:39.896Z] <<< [apiv2][status] GET https://cloudbilling.googleapis.com/v1/projects/glarimy-wiz/billingInfo 200
[debug] [2025-01-28T05:45:39.896Z] <<< [apiv2][body] GET https://cloudbilling.googleapis.com/v1/projects/glarimy-wiz/billingInfo {"name":"projects/glarimy-wiz/billingInfo","projectId":"glarimy-wiz","billingAccountName":"billingAccounts/01C617-B30311-A2896D","billingEnabled":true}
[info] i  Writing default settings to apphosting.yaml... 
[info] +  Wrote apphosting.yaml 
[info] +  Create a new App Hosting backend with `firebase apphosting:backends:create` 
[info] 
=== Hosting Setup
[debug] [2025-01-28T05:45:39.921Z] Checked if tokens are valid: true, expires at: 1738046588156
[debug] [2025-01-28T05:45:39.921Z] Checked if tokens are valid: true, expires at: 1738046588156
[debug] [2025-01-28T05:45:39.921Z] >>> [apiv2][query] GET https://firebase.googleapis.com/v1beta1/projects/glarimy-wiz [none]
[debug] [2025-01-28T05:45:40.917Z] <<< [apiv2][status] GET https://firebase.googleapis.com/v1beta1/projects/glarimy-wiz 200
[debug] [2025-01-28T05:45:40.917Z] <<< [apiv2][body] GET https://firebase.googleapis.com/v1beta1/projects/glarimy-wiz {"projectId":"glarimy-wiz","projectNumber":"728763828328","displayName":"glarimy-wiz","name":"projects/glarimy-wiz","resources":{"hostingSite":"glarimy-wiz"},"state":"ACTIVE","etag":"1_c547c818-7a54-421c-b6ba-547c89f39b6c"}
[info] 
[info] Your public directory is the folder (relative to your project directory) that
[info] will contain Hosting assets to be uploaded with firebase deploy. If you
[info] have a build process for your assets, use your build's output directory.
[info] 
[debug] [2025-01-28T05:45:58.177Z] >>> [apiv2][query] GET https://www.gstatic.com/firebasejs/releases.json [none]
[debug] [2025-01-28T05:45:58.940Z] <<< [apiv2][status] GET https://www.gstatic.com/firebasejs/releases.json 200
[debug] [2025-01-28T05:45:58.940Z] <<< [apiv2][body] GET https://www.gstatic.com/firebasejs/releases.json {"current":{"version":"11.2.0","browserURL":"https://www.gstatic.com/firebasejs/11.2.0/firebase.js","packageURL":"https://www.gstatic.com/firebasejs/11.2.0/firebase.tgz"},"live":{"version":"11.2","browserURL":"https://www.gstatic.com/firebasejs/live/11.2/firebase.js","packageURL":"https://www.gstatic.com/firebasejs/live/11.2/firebase.tgz"},"components":{"analytics":"https://www.gstatic.com/firebasejs/11.2.0/firebase-analytics.js","app":"https://www.gstatic.com/firebasejs/11.2.0/firebase-app.js","app-check":"https://www.gstatic.com/firebasejs/11.2.0/firebase-app-check.js","auth":"https://www.gstatic.com/firebasejs/11.2.0/firebase-auth.js","auth/cordova":"https://www.gstatic.com/firebasejs/11.2.0/firebase-auth/cordova.js","auth/web-extension":"https://www.gstatic.com/firebasejs/11.2.0/firebase-auth/web-extension.js","functions":"https://www.gstatic.com/firebasejs/11.2.0/firebase-functions.js","firestore":"https://www.gstatic.com/firebasejs/11.2.0/firebase-firestore.js","firestore/lite":"https://www.gstatic.com/firebasejs/11.2.0/firebase-firestore/lite.js","installations":"https://www.gstatic.com/firebasejs/11.2.0/firebase-installations.js","storage":"https://www.gstatic.com/firebasejs/11.2.0/firebase-storage.js","performance":"https://www.gstatic.com/firebasejs/11.2.0/firebase-performance.js","remote-config":"https://www.gstatic.com/firebasejs/11.2.0/firebase-remote-config.js","messaging":"https://www.gstatic.com/firebasejs/11.2.0/firebase-messaging.js","messaging/sw":"https://www.gstatic.com/firebasejs/11.2.0/firebase-messaging/sw.js","database":"https://www.gstatic.com/firebasejs/11.2.0/firebase-database.js","vertexai":"https://www.gstatic.com/firebasejs/11.2.0/firebase-vertexai.js","data-connect":"https://www.gstatic.com/firebasejs/11.2.0/firebase-data-connect.js","firestore.memory":"https://www.gstatic.com/firebasejs/11.2.0/firebase-firestore.memory.js"}}
[info] +  Wrote out/index.html 
[info] 
[info] i  Detected a .git folder at D:\Koyya-Internship\wiz-free 
[info] i  Authorizing with GitHub to upload your service account to a GitHub repository's secrets store. 
[info] 
[info] Visit this URL on this device to log in:
[info] https://github.com/login/oauth/authorize?client_id=89cf50f02ac6aaed3484&state=746197912&redirect_uri=http%3A%2F%2Flocalhost%3A9005&scope=read%3Auser%20repo%20public_repo
[info] 
[info] Waiting for authentication...
[debug] [2025-01-28T05:46:08.082Z] >>> [apiv2][query] POST https://github.com/login/oauth/access_token [none]
[debug] [2025-01-28T05:46:08.083Z] >>> [apiv2][body] POST https://github.com/login/oauth/access_token [stream]
[debug] [2025-01-28T05:46:09.080Z] <<< [apiv2][status] POST https://github.com/login/oauth/access_token 200
[debug] [2025-01-28T05:46:09.080Z] <<< [apiv2][body] POST https://github.com/login/oauth/access_token {"access_token":"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","token_type":"bearer","scope":"read:user,repo"}
[debug] [2025-01-28T05:46:09.090Z] >>> [apiv2][query] GET https://api.github.com/user [none]
[debug] [2025-01-28T05:46:11.029Z] <<< [apiv2][status] GET https://api.github.com/user 200
[debug] [2025-01-28T05:46:11.029Z] <<< [apiv2][body] GET https://api.github.com/user {"login":"Chandni-2022","id":146516147,"node_id":"U_kgDOCLuosw","avatar_url":"https://avatars.githubusercontent.com/u/146516147?v=4","gravatar_id":"","url":"https://api.github.com/users/Chandni-2022","html_url":"https://github.com/Chandni-2022","followers_url":"https://api.github.com/users/Chandni-2022/followers","following_url":"https://api.github.com/users/Chandni-2022/following{/other_user}","gists_url":"https://api.github.com/users/Chandni-2022/gists{/gist_id}","starred_url":"https://api.github.com/users/Chandni-2022/starred{/owner}{/repo}","subscriptions_url":"https://api.github.com/users/Chandni-2022/subscriptions","organizations_url":"https://api.github.com/users/Chandni-2022/orgs","repos_url":"https://api.github.com/users/Chandni-2022/repos","events_url":"https://api.github.com/users/Chandni-2022/events{/privacy}","received_events_url":"https://api.github.com/users/Chandni-2022/received_events","type":"User","user_view_type":"private","site_admin":false,"name":"Chandni Rao","company":null,"blog":"","location":null,"email":null,"hireable":null,"bio":"👋 Hi there! I'm Chandni, a Computer Science student passionate about bringing creative solutions to real-world problems. I thrive on exploring innovative ideas","twitter_username":null,"notification_email":null,"public_repos":11,"public_gists":0,"followers":3,"following":2,"created_at":"2023-09-30T06:35:20Z","updated_at":"2025-01-24T14:22:12Z","private_gists":0,"total_private_repos":12,"owned_private_repos":12,"disk_usage":30375,"collaborators":1,"two_factor_authentication":false,"plan":{"name":"free","space":976562499,"collaborators":0,"private_repos":10000}}
[info] 
[info] +  Success! Logged into GitHub as Chandni-2022 
[info] 
